2024-06-24 18:08:06,499 p=3444395 u=upszot n=ansible | [WARNING]: A duplicate localhost-like entry was found (localhost). First found localhost was 127.0.0.1

2024-06-24 18:08:06,598 p=3444395 u=upszot n=ansible | PLAY [all] **********************************************************************************************************************************************************************************************************************************
2024-06-24 18:08:06,609 p=3444395 u=upszot n=ansible | TASK [Gathering Facts] **********************************************************************************************************************************************************************************************************************
2024-06-24 18:08:07,746 p=3444395 u=upszot n=ansible | ok: [localhost]
2024-06-24 18:08:07,775 p=3444395 u=upszot n=ansible | TASK [include_role : 2do_parcial] ***********************************************************************************************************************************************************************************************************
2024-06-24 18:08:07,805 p=3444395 u=upszot n=ansible | TASK [2do_parcial : debug] ******************************************************************************************************************************************************************************************************************
2024-06-24 18:08:07,817 p=3444395 u=upszot n=ansible | ok: [localhost] => {
    "msg": "Tareas del 2do Parcial"
}
2024-06-24 18:08:07,836 p=3444395 u=upszot n=ansible | TASK [Otra tarea] ***************************************************************************************************************************************************************************************************************************
2024-06-24 18:08:07,851 p=3444395 u=upszot n=ansible | ok: [localhost] => {
    "msg": "Despues de la ejecucion del rol"
}
2024-06-24 18:08:07,885 p=3444395 u=upszot n=ansible | PLAY RECAP **********************************************************************************************************************************************************************************************************************************
2024-06-24 18:08:07,885 p=3444395 u=upszot n=ansible | localhost                  : ok=3    changed=0    unreachable=0    failed=0    skipped=0    rescued=0    ignored=0   
2024-11-16 21:20:46,212 p=14070 u=vagrant n=ansible | [WARNING]: A duplicate localhost-like entry was found (localhost). First found localhost was 127.0.0.1

2024-11-16 21:20:46,439 p=14070 u=vagrant n=ansible | PLAY [all] ************************************************************************************************************************************************************************************
2024-11-16 21:20:46,450 p=14070 u=vagrant n=ansible | TASK [Gathering Facts] ************************************************************************************************************************************************************************
2024-11-16 21:20:46,631 p=14070 u=vagrant n=ansible | fatal: [127.0.0.1]: UNREACHABLE! => {"changed": false, "msg": "Failed to connect to the host via ssh: Warning: Permanently added '127.0.0.1' (ED25519) to the list of known hosts.\r\nvagrant@127.0.0.1: Permission denied (publickey).", "unreachable": true}
2024-11-16 21:20:47,560 p=14070 u=vagrant n=ansible | ok: [localhost]
2024-11-16 21:20:47,572 p=14070 u=vagrant n=ansible | TASK [include_role : 2do_parcial] *************************************************************************************************************************************************************
2024-11-16 21:20:47,613 p=14070 u=vagrant n=ansible | TASK [2do_parcial : debug] ********************************************************************************************************************************************************************
2024-11-16 21:20:47,622 p=14070 u=vagrant n=ansible | ok: [localhost] => {
    "msg": "Tareas del 2do Parcial"
}
2024-11-16 21:20:47,629 p=14070 u=vagrant n=ansible | TASK [Otra tarea] *****************************************************************************************************************************************************************************
2024-11-16 21:20:47,638 p=14070 u=vagrant n=ansible | ok: [localhost] => {
    "msg": "Despues de la ejecucion del rol"
}
2024-11-16 21:20:47,651 p=14070 u=vagrant n=ansible | PLAY RECAP ************************************************************************************************************************************************************************************
2024-11-16 21:20:47,651 p=14070 u=vagrant n=ansible | 127.0.0.1                  : ok=0    changed=0    unreachable=1    failed=0    skipped=0    rescued=0    ignored=0   
2024-11-16 21:20:47,652 p=14070 u=vagrant n=ansible | localhost                  : ok=3    changed=0    unreachable=0    failed=0    skipped=0    rescued=0    ignored=0   
